C51 COMPILER V9.60.0.0   RUNNING_LED                                                       04/30/2020 09:10:52 PAGE 1   


C51 COMPILER V9.60.0.0, COMPILATION OF MODULE RUNNING_LED
OBJECT MODULE PLACED IN .\Objects\RUNNING_LED.obj
COMPILER INVOKED BY: E:\My document\software\KEIL V5\C51\BIN\C51.EXE RUNNING_LED.C OPTIMIZE(8,SPEED) BROWSE DEBUG OBJECT
                    -EXTEND PRINT(.\Listings\RUNNING_LED.lst) TABS(2) OBJECT(.\Objects\RUNNING_LED.obj)

line level    source

   1          
   2          /* OUTPUT:
   3             1111  1110
   4             1111  1101
   5             1111  1011
   6             1111  0111
   7             1110  1111
   8             1101  1111
   9             1011  1111
  10             0111  1111
  11             
  12             */
  13          
  14          # include <reg51.h>
  15          #define LEDs P1
  16          void delay (int);
  17          void main()
  18          {
  19   1        unsigned char i=0,val=0x01;
  20   1        while(1)
  21   1        {
  22   2          for (i;i<8;i++) //1
  23   2          {
  24   3            LEDs=~(val<<i); // 0000 0001//0000 0010
  25   3            delay (100);
  26   3          }
  27   2          if (i==8)
  28   2          {
  29   3            i=0;  
  30   3          }     
  31   2        }
  32   1      }
  33          
  34          void delay (int n)
  35          {
  36   1        unsigned char i;
  37   1        for (n;n>0;n--)
  38   1        {
  39   2          for(i=255;i>0;i--);
  40   2          for(i=255;i>0;i--);
  41   2        }
  42   1      }


MODULE INFORMATION:   STATIC OVERLAYABLE
   CODE SIZE        =    103    ----
   CONSTANT SIZE    =   ----    ----
   XDATA SIZE       =   ----    ----
   PDATA SIZE       =   ----    ----
   DATA SIZE        =   ----       2
   IDATA SIZE       =   ----    ----
   BIT SIZE         =   ----    ----
END OF MODULE INFORMATION.


C51 COMPILATION COMPLETE.  0 WARNING(S),  0 ERROR(S)
