C51 COMPILER V9.60.0.0   LCD                                                               05/04/2020 21:28:31 PAGE 1   


C51 COMPILER V9.60.0.0, COMPILATION OF MODULE LCD
OBJECT MODULE PLACED IN .\Objects\LCD.obj
COMPILER INVOKED BY: E:\My document\software\KEIL V5\C51\BIN\C51.EXE LCD.c OPTIMIZE(8,SPEED) BROWSE DEBUG OBJECTEXTEND P
                    -RINT(.\Listings\LCD.lst) TABS(2) OBJECT(.\Objects\LCD.obj)

line level    source

   1          # include <reg51.h>
   2          # define lcd P2
   3          
   4          sbit rs =P3^0;
   5          sbit rw =P3^1;
   6          sbit en =P3^2;
   7          
   8          
   9          void delay(unsigned int);
  10          
  11          void main()
  12          {
  13   1        while(1)
  14   1        {
  15   2          lcd =0x0f;
  16   2          rs=0;
  17   2          rw=0;
  18   2          en=1;
  19   2          delay(2);
  20   2          en=0;
  21   2        }
  22   1      }
  23          
  24          void delay (unsigned int n)
  25          {
  26   1        unsigned char i;
  27   1        for (n;n>0;n--)
  28   1        {
  29   2          for(i=250;i>0;i--);
  30   2          for(i=247;i>0;i--);
  31   2        }
  32   1      }
  33          
  34          
  35          


MODULE INFORMATION:   STATIC OVERLAYABLE
   CODE SIZE        =     67    ----
   CONSTANT SIZE    =   ----    ----
   XDATA SIZE       =   ----    ----
   PDATA SIZE       =   ----    ----
   DATA SIZE        =   ----    ----
   IDATA SIZE       =   ----    ----
   BIT SIZE         =   ----    ----
END OF MODULE INFORMATION.


C51 COMPILATION COMPLETE.  0 WARNING(S),  0 ERROR(S)
