C51 COMPILER V9.60.0.0   FOUR_7_SEGMENT                                                    04/30/2020 20:08:33 PAGE 1   


C51 COMPILER V9.60.0.0, COMPILATION OF MODULE FOUR_7_SEGMENT
OBJECT MODULE PLACED IN .\Objects\FOUR_7-SEGMENT.obj
COMPILER INVOKED BY: E:\My document\software\KEIL V5\C51\BIN\C51.EXE FOUR_7-SEGMENT.C OPTIMIZE(8,SPEED) BROWSE DEBUG OBJ
                    -ECTEXTEND PRINT(.\Listings\FOUR_7-SEGMENT.lst) TABS(2) OBJECT(.\Objects\FOUR_7-SEGMENT.obj)

line level    source

   1          // display 0 to 99 digit numbers using two 7 srg
   2          
   3          # include <reg51.h>
   4          #define seg P2  // 7 seg Data 8 pin
   5          sbit seg1=P0^0;  // 1 st seg control pin
   6          sbit seg2=P0^1;  // 2nd seg control pin
   7          
   8          void delay (unsigned int);
   9          unsigned int sdata [10]={0x3f,0x06,0x5b,0x4f,0x66,0x6d,0x7d,0x07,0x7f,0x6f};
  10          void main ()
  11          {
  12   1        unsigned char i,j =0;
  13   1        while(1)
  14   1        {
  15   2          for (j=0;j<100;j++) // to display  0 to 99
  16   2          {
  17   3            for (i=0;i<60;i++)  // displaying the same num for sometime
  18   3            {
  19   4              seg = sdata [j/10];
  20   4              seg1 =0;
  21   4              delay (1);
  22   4              seg1 =1;
  23   4              seg =sdata[j%10];
  24   4              seg2=0;
  25   4              delay(1);
  26   4              seg2=1;
  27   4            }
  28   3          }
  29   2        }
  30   1      }
  31          
  32          void delay (unsigned int n)  
  33          {
  34   1        unsigned char i;
  35   1        for (n;n>0;n--)
  36   1        {
  37   2          for(i=255;i>0;i--);
  38   2          for(i=255;i>0;i--);
  39   2        }
  40   1      }
  41              


MODULE INFORMATION:   STATIC OVERLAYABLE
   CODE SIZE        =    140    ----
   CONSTANT SIZE    =   ----    ----
   XDATA SIZE       =   ----    ----
   PDATA SIZE       =   ----    ----
   DATA SIZE        =     20       2
   IDATA SIZE       =   ----    ----
   BIT SIZE         =   ----    ----
END OF MODULE INFORMATION.


C51 COMPILATION COMPLETE.  0 WARNING(S),  0 ERROR(S)
