C51 COMPILER V9.60.0.0   LED_BLINK                                                         04/30/2020 06:56:04 PAGE 1   


C51 COMPILER V9.60.0.0, COMPILATION OF MODULE LED_BLINK
OBJECT MODULE PLACED IN .\Objects\LED_BLINK.obj
COMPILER INVOKED BY: E:\My document\software\KEIL V5\C51\BIN\C51.EXE LED_BLINK.C OPTIMIZE(8,SPEED) BROWSE DEBUG OBJECTEX
                    -TEND PRINT(.\Listings\LED_BLINK.lst) TABS(2) OBJECT(.\Objects\LED_BLINK.obj)

line level    source

   1          # include <reg51.h>
   2          #define LEDs P1
   3          sbit led=P2^0;
   4          
   5          void delay(int);
   6          void main ()
   7          {
   8   1        while(1)
   9   1        {
  10   2          LEDs=0x00;
  11   2          led=0;
  12   2          delay(100);
  13   2          LEDs=0xff;
  14   2          led=1;
  15   2          delay(100);
  16   2          
  17   2        }
  18   1        
  19   1      }
  20          void delay (int n)
  21          {
  22   1        unsigned char i;
  23   1        for(n;n>0;n--)
  24   1        {
  25   2          for(i=255;i>0;i--);
  26   2          for(i=255;i>0;i--);
  27   2        }
  28   1        
  29   1      }
  30              


MODULE INFORMATION:   STATIC OVERLAYABLE
   CODE SIZE        =     74    ----
   CONSTANT SIZE    =   ----    ----
   XDATA SIZE       =   ----    ----
   PDATA SIZE       =   ----    ----
   DATA SIZE        =   ----    ----
   IDATA SIZE       =   ----    ----
   BIT SIZE         =   ----    ----
END OF MODULE INFORMATION.


C51 COMPILATION COMPLETE.  0 WARNING(S),  0 ERROR(S)
