C51 COMPILER V9.60.0.0   4__7_SEGMENT_WITH_FLOAT                                           05/04/2020 20:16:35 PAGE 1   


C51 COMPILER V9.60.0.0, COMPILATION OF MODULE 4__7_SEGMENT_WITH_FLOAT
OBJECT MODULE PLACED IN .\Objects\4__7 segment with float.obj
COMPILER INVOKED BY: E:\My document\software\KEIL V5\C51\BIN\C51.EXE 4__7 segment with float.c OPTIMIZE(8,SPEED) BROWSE 
                    -DEBUG OBJECTEXTEND PRINT(.\Listings\4__7 segment with float.lst) TABS(2) OBJECT(.\Objects\4__7 segment with float.obj)

line level    source

   1          # include <reg51.h>
   2          # include "delay1ms.h"
*** WARNING C318 IN LINE 2 OF 4__7 segment with float.c: can't open file 'delay1ms.h'
   3          # define seg P2
   4          sbit s1 = P0^0;
   5          sbit s2 = P0^1;
   6          sbit s3 = P0^2;
   7          sbit s4 = P0^3;
   8          
   9          unsigned char dp1=0,dp2=0,dp3=0,dp4=0; //This for dot
  10          unsigned char a[]={0xc0,0xf9,0xa4,0xb0,0x99,0x92,0x82,0xf8,0x80,0x90};
  11          
  12          void flot(float);
  13          void run(unsigned int);
  14          void delay1ms(unsigned int);
  15          void main()
  16          {
  17   1        while (1)
  18   1        {
  19   2          flot( 6.01);
  20   2        }
  21   1      }
  22          
  23          void flot(float f) // this fuction for checking dot
  24          {
  25   1        int temp;
  26   1        if((f>0.0)&&(f<10.0))//0 to 9
  27   1        {
  28   2          dp1=0x80;
  29   2          temp=f*1000;
  30   2        }
  31   1        else if ((f>=10.0)&&(f<100.0)) //10 To 99
  32   1        {
  33   2          dp2=0x80;
  34   2          temp=f*100;
  35   2        }
  36   1        else if((f>100.0)&&(f<1000.0)) //100 t0 999
  37   1        {
  38   2          dp3=0x80;
  39   2          temp=f*10;
  40   2        }
  41   1        run (temp);
  42   1      }
  43          
  44          
  45          
  46          
  47          
  48          
  49          
  50          
  51          
  52          
  53          
C51 COMPILER V9.60.0.0   4__7_SEGMENT_WITH_FLOAT                                           05/04/2020 20:16:35 PAGE 2   

  54          
  55          
  56          void run (unsigned int n)
  57          { 
  58   1        unsigned char k;
  59   1        for (k=0;k<60;k++)
  60   1        {
  61   2          seg =a[n/1000]^dp1; //0xf9 =>1111 1001 ^0000 0000
  62   2          s1=0;
  63   2          delay1ms(1);
  64   2          s1=1;
  65   2          
  66   2          seg=a[(n/100)%10]^dp2;//0x99 =>1001 1001^1000 0000
  67   2          s2=0;                           // =0001 1000
  68   2          delay1ms(1);
  69   2          s2=1;
  70   2          
  71   2          seg=a[(n/10)%10]^dp3;//0xa4 =>1010 0100 ^0000 0000
  72   2          s3=0;
  73   2          delay1ms(1);
  74   2          s3=1;
  75   2          
  76   2          seg=a[n%10]^dp4;//0xb0 => 1011 0000 ^ 0000 0000
  77   2          s4=0;
  78   2          delay1ms(1);
  79   2          s4=1;
  80   2        }
  81   1      }
  82          
  83          void delay1ms (unsigned int n)
  84          {
  85   1        unsigned char i;
  86   1        for (n;n>0;n--)
  87   1        {
  88   2          for (i=255;i>0;i--);
  89   2          for (i=255;i>0;i--);
  90   2        }
  91   1      }
  92              


MODULE INFORMATION:   STATIC OVERLAYABLE
   CODE SIZE        =    402    ----
   CONSTANT SIZE    =   ----    ----
   XDATA SIZE       =   ----    ----
   PDATA SIZE       =   ----    ----
   DATA SIZE        =     14       9
   IDATA SIZE       =   ----    ----
   BIT SIZE         =   ----    ----
END OF MODULE INFORMATION.


C51 COMPILATION COMPLETE.  1 WARNING(S),  0 ERROR(S)
