C51 COMPILER V9.60.0.0   STEPPER_MOTOR                                                     05/05/2020 00:05:15 PAGE 1   


C51 COMPILER V9.60.0.0, COMPILATION OF MODULE STEPPER_MOTOR
OBJECT MODULE PLACED IN .\Objects\stepper motor.obj
COMPILER INVOKED BY: E:\My document\software\KEIL V5\C51\BIN\C51.EXE stepper motor.c OPTIMIZE(8,SPEED) BROWSE DEBUG OBJE
                    -CTEXTEND PRINT(.\Listings\stepper motor.lst) TABS(2) OBJECT(.\Objects\stepper motor.obj)

line level    source

   1          # include <reg51.h>
   2          # define mot P1
   3          
   4          void delay(unsigned int);
   5          void main()
   6          {
   7   1        while(1)
   8   1        {
   9   2          P1=0x0a;      // 0000 1010
  10   2          delay(100);
  11   2          
  12   2          P1=0x06;    // 0000 0110
  13   2          delay(100);
  14   2          
  15   2          P1=(0x05);   // 0000 0101
  16   2          delay(100);
  17   2          
  18   2          P1=0x09;    // 0000 1001
  19   2          delay(100);
  20   2        }
  21   1      }
  22          
  23          
  24          void delay (unsigned int n)
  25          {
  26   1        unsigned char i;
  27   1        for (n;n>0;n--)
  28   1        {
  29   2          for(i=250;i>0;i--);
  30   2          for(i=247;i>0;i--);
  31   2        }
  32   1      }
  33          


MODULE INFORMATION:   STATIC OVERLAYABLE
   CODE SIZE        =     77    ----
   CONSTANT SIZE    =   ----    ----
   XDATA SIZE       =   ----    ----
   PDATA SIZE       =   ----    ----
   DATA SIZE        =   ----    ----
   IDATA SIZE       =   ----    ----
   BIT SIZE         =   ----    ----
END OF MODULE INFORMATION.


C51 COMPILATION COMPLETE.  0 WARNING(S),  0 ERROR(S)
