C51 COMPILER V9.60.0.0   PUSH_BUTTON                                                       04/30/2020 07:13:51 PAGE 1   


C51 COMPILER V9.60.0.0, COMPILATION OF MODULE PUSH_BUTTON
OBJECT MODULE PLACED IN .\Objects\PUSH_BUTTON.obj
COMPILER INVOKED BY: E:\My document\software\KEIL V5\C51\BIN\C51.EXE PUSH_BUTTON.C OPTIMIZE(8,SPEED) BROWSE DEBUG OBJECT
                    -EXTEND PRINT(.\Listings\PUSH_BUTTON.lst) TABS(2) OBJECT(.\Objects\PUSH_BUTTON.obj)

line level    source

   1          # include <reg51.h>
   2          sbit led=P1^0;
   3          sbit sw=P2^0;
   4          
   5          void main ()
   6          {
   7   1        while(1)
   8   1        {
   9   2          if (sw==0)
  10   2          {
  11   3            led=0x00;
  12   3          }
  13   2          else
  14   2          {
  15   3            led=0x01;
  16   3          }
  17   2        }
  18   1      }


MODULE INFORMATION:   STATIC OVERLAYABLE
   CODE SIZE        =     11    ----
   CONSTANT SIZE    =   ----    ----
   XDATA SIZE       =   ----    ----
   PDATA SIZE       =   ----    ----
   DATA SIZE        =   ----    ----
   IDATA SIZE       =   ----    ----
   BIT SIZE         =   ----    ----
END OF MODULE INFORMATION.


C51 COMPILATION COMPLETE.  0 WARNING(S),  0 ERROR(S)
