C51 COMPILER V9.60.0.0   4__7_SEGMENT                                                      05/04/2020 20:17:06 PAGE 1   


C51 COMPILER V9.60.0.0, COMPILATION OF MODULE 4__7_SEGMENT
OBJECT MODULE PLACED IN .\Objects\4__7-segment.obj
COMPILER INVOKED BY: E:\My document\software\KEIL V5\C51\BIN\C51.EXE 4__7-segment.c OPTIMIZE(8,SPEED) BROWSE DEBUG OBJEC
                    -TEXTEND PRINT(.\Listings\4__7-segment.lst) TABS(2) OBJECT(.\Objects\4__7-segment.obj)

line level    source

   1          # include <reg51.h>
   2          # define seg P2
   3          sbit s1 = P0^0;
   4          sbit s2 = P0^1;
   5          sbit s3 = P0^2;
   6          sbit s4 = P0^3;
   7          
   8          unsigned char a[]={0xc0,0xf9,0xa4,0xb0,0x99,0x92,0x82,0xf8,0x80,0x90};
   9          
  10          void run(unsigned int);
  11          void delay1ms(unsigned int);
  12          void main()
  13          {
  14   1        while (1)
  15   1        {
  16   2          run(1522);
  17   2        }
  18   1      }
  19          
  20          void run (unsigned int n)
  21          {
  22   1        {
  23   2          seg =a[n/1000];
  24   2          s1=0;
  25   2          delay1ms(1);
  26   2          s1=1;
  27   2          
  28   2          seg=a[(n/100)%10];
  29   2          s2=0;
  30   2          delay1ms(1);
  31   2          s2=1;
  32   2          
  33   2          seg=a[(n/10)%10];
  34   2          s3=0;
  35   2          delay1ms(1);
  36   2          s3=1;
  37   2          
  38   2          seg=a[n%10];
  39   2          s4=0;
  40   2          delay1ms(1);
  41   2          s4=1;
  42   2        }
  43   1      }
  44          
  45          void delay1ms (unsigned int n)
  46          {
  47   1        unsigned char i;
  48   1        for (n;n>0;n--)
  49   1        {
  50   2          for (i=255;i>0;i--);
  51   2          for (i=255;i>0;i--);
  52   2        }
  53   1      }
  54              
C51 COMPILER V9.60.0.0   4__7_SEGMENT                                                      05/04/2020 20:17:06 PAGE 2   



MODULE INFORMATION:   STATIC OVERLAYABLE
   CODE SIZE        =    175    ----
   CONSTANT SIZE    =   ----    ----
   XDATA SIZE       =   ----    ----
   PDATA SIZE       =   ----    ----
   DATA SIZE        =     10       2
   IDATA SIZE       =   ----    ----
   BIT SIZE         =   ----    ----
END OF MODULE INFORMATION.


C51 COMPILATION COMPLETE.  0 WARNING(S),  0 ERROR(S)
