C51 COMPILER V9.60.0.0   SERVO_MOTOR                                                       05/05/2020 08:35:30 PAGE 1   


C51 COMPILER V9.60.0.0, COMPILATION OF MODULE SERVO_MOTOR
OBJECT MODULE PLACED IN .\Objects\servo motor.obj
COMPILER INVOKED BY: E:\My document\software\KEIL V5\C51\BIN\C51.EXE servo motor.c OPTIMIZE(8,SPEED) BROWSE DEBUG OBJECT
                    -EXTEND PRINT(.\Listings\servo motor.lst) TABS(2) OBJECT(.\Objects\servo motor.obj)

line level    source

   1          # include <reg51.h>
   2          
   3          sbit output =P2^0;
   4          
   5          void delay (unsigned int n)
   6          {
   7   1        unsigned char i;
   8   1        for (n;n>0;n--)
   9   1        {
  10   2          for(i=255;i>0;i--);
  11   2          for(i=255;i>0;i--);
  12   2        }
  13   1      }
  14          
  15          void servo_delay (int times)
  16          {
  17   1        int m;
  18   1        for (m=0;m<times;m++)
  19   1        {
  20   2          TH0=0XFF;
  21   2          TL0=0XD2;
  22   2          TR0=1;
  23   2          while (TF0==0);
  24   2          TF0=0;
  25   2          TR0=0;
  26   2        }
  27   1      }
  28          
  29          
  30          void main()
  31          {
  32   1        int n;
  33   1        TMOD =0X01;
  34   1        output=0;
  35   1        while(1)
  36   1        {
  37   2          for (n=10;n<=30;n=n+5)
  38   2          {
  39   3            output=1;
  40   3            servo_delay(n);
  41   3            output=0;
  42   3            servo_delay(360);
  43   3            delay(1000);
  44   3          }
  45   2        }
  46   1      } 


MODULE INFORMATION:   STATIC OVERLAYABLE
   CODE SIZE        =    140    ----
   CONSTANT SIZE    =   ----    ----
   XDATA SIZE       =   ----    ----
   PDATA SIZE       =   ----    ----
   DATA SIZE        =   ----    ----
C51 COMPILER V9.60.0.0   SERVO_MOTOR                                                       05/05/2020 08:35:30 PAGE 2   

   IDATA SIZE       =   ----    ----
   BIT SIZE         =   ----    ----
END OF MODULE INFORMATION.


C51 COMPILATION COMPLETE.  0 WARNING(S),  0 ERROR(S)
