C51 COMPILER V9.60.0.0   7_SEGMENT                                                         04/30/2020 17:51:07 PAGE 1   


C51 COMPILER V9.60.0.0, COMPILATION OF MODULE 7_SEGMENT
OBJECT MODULE PLACED IN .\Objects\7_SEGMENT.obj
COMPILER INVOKED BY: E:\My document\software\KEIL V5\C51\BIN\C51.EXE 7_SEGMENT.C OPTIMIZE(8,SPEED) BROWSE DEBUG OBJECTEX
                    -TEND PRINT(.\Listings\7_SEGMENT.lst) TABS(2) OBJECT(.\Objects\7_SEGMENT.obj)

line level    source

   1          # include <reg51.h>
   2          # define seg1 P1 // common cathode
   3          # define seg2 P2  // common anode
   4          
   5          void delay (unsigned int);
   6          
   7          unsigned int sdata1[10]={0x3f,0x06,0x5b,0x4f,0x66,0x6d,0x7d,0x07,0x7f,0x6f};
   8          unsigned int sdata2[10]={0xc0,0xf9,0xa4,0xb0,0x99,0x92,0x82,0xf8,0x80,0x90};
   9          
  10          void main()
  11          {
  12   1        unsigned char j=0;
  13   1        unsigned char k=0;
  14   1        while(1)
  15   1        {
  16   2          for (j=0;j<10;j++)
  17   2          {
  18   3            seg1 =sdata1[j];
  19   3            delay(100);
  20   3          }
  21   2          for (j=0;j<10;j++)
  22   2          {
  23   3            seg2 =sdata2[j];
  24   3            delay(100);
  25   3          }
  26   2        }
  27   1      }
  28          
  29          void delay (unsigned int n)
  30          {
  31   1        unsigned char i;
  32   1        for (n;n>0;n--)
  33   1        {
  34   2          for (i=255;i>0;i--);
  35   2          for (i=255;i>0;i--);
  36   2        }
  37   1      }


MODULE INFORMATION:   STATIC OVERLAYABLE
   CODE SIZE        =    124    ----
   CONSTANT SIZE    =   ----    ----
   XDATA SIZE       =   ----    ----
   PDATA SIZE       =   ----    ----
   DATA SIZE        =     40       2
   IDATA SIZE       =   ----    ----
   BIT SIZE         =   ----    ----
END OF MODULE INFORMATION.


C51 COMPILATION COMPLETE.  0 WARNING(S),  0 ERROR(S)
